[0.486s] Invoking command in '/home/jake/ROSHome/ros2_ws/src/kinect_ascii': PYTHONPATH=/home/jake/ROSHome/ros2_ws/build/kinect_ascii/prefix_override:/home/jake/ROSHome/ros2_ws/install/kinect_ascii/lib/python3.8/site-packages:${PYTHONPATH} /usr/bin/python3 -W ignore:setup.py install is deprecated setup.py egg_info --egg-base ../../build/kinect_ascii build --build-base /home/jake/ROSHome/ros2_ws/build/kinect_ascii/build install --record /home/jake/ROSHome/ros2_ws/build/kinect_ascii/install.log --install-scripts $base/lib/kinect_ascii --single-version-externally-managed install_data
[0.633s] running egg_info
[0.633s] writing ../../build/kinect_ascii/kinect_ascii.egg-info/PKG-INFO
[0.633s] writing dependency_links to ../../build/kinect_ascii/kinect_ascii.egg-info/dependency_links.txt
[0.633s] writing entry points to ../../build/kinect_ascii/kinect_ascii.egg-info/entry_points.txt
[0.633s] writing requirements to ../../build/kinect_ascii/kinect_ascii.egg-info/requires.txt
[0.633s] writing top-level names to ../../build/kinect_ascii/kinect_ascii.egg-info/top_level.txt
[0.658s] reading manifest file '../../build/kinect_ascii/kinect_ascii.egg-info/SOURCES.txt'
[0.659s] writing manifest file '../../build/kinect_ascii/kinect_ascii.egg-info/SOURCES.txt'
[0.659s] running build
[0.659s] running build_py
[0.659s] copying kinect_ascii/kinect_ascii.py -> /home/jake/ROSHome/ros2_ws/build/kinect_ascii/build/lib/kinect_ascii
[0.659s] running install
[0.659s] running install_lib
[0.660s] copying /home/jake/ROSHome/ros2_ws/build/kinect_ascii/build/lib/kinect_ascii/kinect_ascii.py -> /home/jake/ROSHome/ros2_ws/install/kinect_ascii/lib/python3.8/site-packages/kinect_ascii
[0.661s] byte-compiling /home/jake/ROSHome/ros2_ws/install/kinect_ascii/lib/python3.8/site-packages/kinect_ascii/kinect_ascii.py to kinect_ascii.cpython-38.pyc
[0.662s] running install_data
[0.662s] running install_egg_info
[0.663s] removing '/home/jake/ROSHome/ros2_ws/install/kinect_ascii/lib/python3.8/site-packages/kinect_ascii-0.0.0-py3.8.egg-info' (and everything under it)
[0.663s] Copying ../../build/kinect_ascii/kinect_ascii.egg-info to /home/jake/ROSHome/ros2_ws/install/kinect_ascii/lib/python3.8/site-packages/kinect_ascii-0.0.0-py3.8.egg-info
[0.664s] running install_scripts
[0.677s] Installing listener script to /home/jake/ROSHome/ros2_ws/install/kinect_ascii/lib/kinect_ascii
[0.677s] writing list of installed files to '/home/jake/ROSHome/ros2_ws/build/kinect_ascii/install.log'
[0.691s] Invoked command in '/home/jake/ROSHome/ros2_ws/src/kinect_ascii' returned '0': PYTHONPATH=/home/jake/ROSHome/ros2_ws/build/kinect_ascii/prefix_override:/home/jake/ROSHome/ros2_ws/install/kinect_ascii/lib/python3.8/site-packages:${PYTHONPATH} /usr/bin/python3 -W ignore:setup.py install is deprecated setup.py egg_info --egg-base ../../build/kinect_ascii build --build-base /home/jake/ROSHome/ros2_ws/build/kinect_ascii/build install --record /home/jake/ROSHome/ros2_ws/build/kinect_ascii/install.log --install-scripts $base/lib/kinect_ascii --single-version-externally-managed install_data
