running egg_info
creating ../../build/kinect_ascii/kinect_ascii.egg-info
writing ../../build/kinect_ascii/kinect_ascii.egg-info/PKG-INFO
writing dependency_links to ../../build/kinect_ascii/kinect_ascii.egg-info/dependency_links.txt
writing entry points to ../../build/kinect_ascii/kinect_ascii.egg-info/entry_points.txt
writing requirements to ../../build/kinect_ascii/kinect_ascii.egg-info/requires.txt
writing top-level names to ../../build/kinect_ascii/kinect_ascii.egg-info/top_level.txt
writing manifest file '../../build/kinect_ascii/kinect_ascii.egg-info/SOURCES.txt'
reading manifest file '../../build/kinect_ascii/kinect_ascii.egg-info/SOURCES.txt'
writing manifest file '../../build/kinect_ascii/kinect_ascii.egg-info/SOURCES.txt'
running build
running build_py
creating /home/jake/ROSHome/ros2_ws/build/kinect_ascii/build
creating /home/jake/ROSHome/ros2_ws/build/kinect_ascii/build/lib
creating /home/jake/ROSHome/ros2_ws/build/kinect_ascii/build/lib/kinect_ascii
copying kinect_ascii/__init__.py -> /home/jake/ROSHome/ros2_ws/build/kinect_ascii/build/lib/kinect_ascii
copying kinect_ascii/kinect_ascii.py -> /home/jake/ROSHome/ros2_ws/build/kinect_ascii/build/lib/kinect_ascii
running install
running install_lib
creating /home/jake/ROSHome/ros2_ws/install/kinect_ascii/lib/python3.8/site-packages/kinect_ascii
copying /home/jake/ROSHome/ros2_ws/build/kinect_ascii/build/lib/kinect_ascii/__init__.py -> /home/jake/ROSHome/ros2_ws/install/kinect_ascii/lib/python3.8/site-packages/kinect_ascii
copying /home/jake/ROSHome/ros2_ws/build/kinect_ascii/build/lib/kinect_ascii/kinect_ascii.py -> /home/jake/ROSHome/ros2_ws/install/kinect_ascii/lib/python3.8/site-packages/kinect_ascii
byte-compiling /home/jake/ROSHome/ros2_ws/install/kinect_ascii/lib/python3.8/site-packages/kinect_ascii/__init__.py to __init__.cpython-38.pyc
byte-compiling /home/jake/ROSHome/ros2_ws/install/kinect_ascii/lib/python3.8/site-packages/kinect_ascii/kinect_ascii.py to kinect_ascii.cpython-38.pyc
running install_data
creating /home/jake/ROSHome/ros2_ws/install/kinect_ascii/share/ament_index
creating /home/jake/ROSHome/ros2_ws/install/kinect_ascii/share/ament_index/resource_index
creating /home/jake/ROSHome/ros2_ws/install/kinect_ascii/share/ament_index/resource_index/packages
copying resource/kinect_ascii -> /home/jake/ROSHome/ros2_ws/install/kinect_ascii/share/ament_index/resource_index/packages
copying package.xml -> /home/jake/ROSHome/ros2_ws/install/kinect_ascii/share/kinect_ascii
running install_egg_info
Copying ../../build/kinect_ascii/kinect_ascii.egg-info to /home/jake/ROSHome/ros2_ws/install/kinect_ascii/lib/python3.8/site-packages/kinect_ascii-0.0.0-py3.8.egg-info
running install_scripts
Installing listener script to /home/jake/ROSHome/ros2_ws/install/kinect_ascii/lib/kinect_ascii
writing list of installed files to '/home/jake/ROSHome/ros2_ws/build/kinect_ascii/install.log'
