[0.507s] Invoking command in '/home/jake/ROSHome/ros2_ws/src/kinect_ascii': PYTHONPATH=/home/jake/ROSHome/ros2_ws/build/kinect_ascii/prefix_override:/home/jake/ROSHome/ros2_ws/install/kinect_ascii/lib/python3.8/site-packages:${PYTHONPATH} /usr/bin/python3 -W ignore:setup.py install is deprecated setup.py egg_info --egg-base ../../build/kinect_ascii build --build-base /home/jake/ROSHome/ros2_ws/build/kinect_ascii/build install --record /home/jake/ROSHome/ros2_ws/build/kinect_ascii/install.log --install-scripts $base/lib/kinect_ascii --single-version-externally-managed install_data
[0.645s] running egg_info
[0.645s] creating ../../build/kinect_ascii/kinect_ascii.egg-info
[0.645s] writing ../../build/kinect_ascii/kinect_ascii.egg-info/PKG-INFO
[0.646s] writing dependency_links to ../../build/kinect_ascii/kinect_ascii.egg-info/dependency_links.txt
[0.646s] writing entry points to ../../build/kinect_ascii/kinect_ascii.egg-info/entry_points.txt
[0.646s] writing requirements to ../../build/kinect_ascii/kinect_ascii.egg-info/requires.txt
[0.646s] writing top-level names to ../../build/kinect_ascii/kinect_ascii.egg-info/top_level.txt
[0.647s] writing manifest file '../../build/kinect_ascii/kinect_ascii.egg-info/SOURCES.txt'
[0.669s] reading manifest file '../../build/kinect_ascii/kinect_ascii.egg-info/SOURCES.txt'
[0.670s] writing manifest file '../../build/kinect_ascii/kinect_ascii.egg-info/SOURCES.txt'
[0.670s] running build
[0.670s] running build_py
[0.670s] creating /home/jake/ROSHome/ros2_ws/build/kinect_ascii/build
[0.670s] creating /home/jake/ROSHome/ros2_ws/build/kinect_ascii/build/lib
[0.670s] creating /home/jake/ROSHome/ros2_ws/build/kinect_ascii/build/lib/kinect_ascii
[0.670s] copying kinect_ascii/__init__.py -> /home/jake/ROSHome/ros2_ws/build/kinect_ascii/build/lib/kinect_ascii
[0.670s] copying kinect_ascii/kinect_ascii.py -> /home/jake/ROSHome/ros2_ws/build/kinect_ascii/build/lib/kinect_ascii
[0.670s] running install
[0.671s] running install_lib
[0.672s] creating /home/jake/ROSHome/ros2_ws/install/kinect_ascii/lib/python3.8/site-packages/kinect_ascii
[0.672s] copying /home/jake/ROSHome/ros2_ws/build/kinect_ascii/build/lib/kinect_ascii/__init__.py -> /home/jake/ROSHome/ros2_ws/install/kinect_ascii/lib/python3.8/site-packages/kinect_ascii
[0.672s] copying /home/jake/ROSHome/ros2_ws/build/kinect_ascii/build/lib/kinect_ascii/kinect_ascii.py -> /home/jake/ROSHome/ros2_ws/install/kinect_ascii/lib/python3.8/site-packages/kinect_ascii
[0.672s] byte-compiling /home/jake/ROSHome/ros2_ws/install/kinect_ascii/lib/python3.8/site-packages/kinect_ascii/__init__.py to __init__.cpython-38.pyc
[0.673s] byte-compiling /home/jake/ROSHome/ros2_ws/install/kinect_ascii/lib/python3.8/site-packages/kinect_ascii/kinect_ascii.py to kinect_ascii.cpython-38.pyc
[0.674s] running install_data
[0.674s] creating /home/jake/ROSHome/ros2_ws/install/kinect_ascii/share/ament_index
[0.674s] creating /home/jake/ROSHome/ros2_ws/install/kinect_ascii/share/ament_index/resource_index
[0.674s] creating /home/jake/ROSHome/ros2_ws/install/kinect_ascii/share/ament_index/resource_index/packages
[0.674s] copying resource/kinect_ascii -> /home/jake/ROSHome/ros2_ws/install/kinect_ascii/share/ament_index/resource_index/packages
[0.674s] copying package.xml -> /home/jake/ROSHome/ros2_ws/install/kinect_ascii/share/kinect_ascii
[0.674s] running install_egg_info
[0.675s] Copying ../../build/kinect_ascii/kinect_ascii.egg-info to /home/jake/ROSHome/ros2_ws/install/kinect_ascii/lib/python3.8/site-packages/kinect_ascii-0.0.0-py3.8.egg-info
[0.675s] running install_scripts
[0.688s] Installing listener script to /home/jake/ROSHome/ros2_ws/install/kinect_ascii/lib/kinect_ascii
[0.688s] writing list of installed files to '/home/jake/ROSHome/ros2_ws/build/kinect_ascii/install.log'
[0.702s] Invoked command in '/home/jake/ROSHome/ros2_ws/src/kinect_ascii' returned '0': PYTHONPATH=/home/jake/ROSHome/ros2_ws/build/kinect_ascii/prefix_override:/home/jake/ROSHome/ros2_ws/install/kinect_ascii/lib/python3.8/site-packages:${PYTHONPATH} /usr/bin/python3 -W ignore:setup.py install is deprecated setup.py egg_info --egg-base ../../build/kinect_ascii build --build-base /home/jake/ROSHome/ros2_ws/build/kinect_ascii/build install --record /home/jake/ROSHome/ros2_ws/build/kinect_ascii/install.log --install-scripts $base/lib/kinect_ascii --single-version-externally-managed install_data
